c:\users\alanv\source\repos\eda - tp3\eda - tp3\debug\vc142.pdb
c:\users\alanv\source\repos\eda - tp3\eda - tp3\debug\vc142.idb
c:\users\alanv\source\repos\eda - tp3\eda - tp3\debug\timeclass.obj
c:\users\alanv\source\repos\eda - tp3\eda - tp3\debug\grownblob.obj
c:\users\alanv\source\repos\eda - tp3\eda - tp3\debug\goodoldblob.obj
c:\users\alanv\source\repos\eda - tp3\eda - tp3\debug\main.obj
c:\users\alanv\source\repos\eda - tp3\eda - tp3\debug\graphicclass.obj
c:\users\alanv\source\repos\eda - tp3\eda - tp3\debug\eventclass.obj
c:\users\alanv\source\repos\eda - tp3\eda - tp3\debug\blob.obj
c:\users\alanv\source\repos\eda - tp3\eda - tp3\debug\simulation.obj
c:\users\alanv\source\repos\eda - tp3\eda - tp3\debug\food.obj
c:\users\alanv\source\repos\eda - tp3\eda - tp3\debug\babyblob.obj
c:\users\alanv\source\repos\eda - tp3\eda - tp3\debug\imgui_widgets.obj
c:\users\alanv\source\repos\eda - tp3\eda - tp3\debug\imgui_impl_allegro5.obj
c:\users\alanv\source\repos\eda - tp3\eda - tp3\debug\imgui_draw.obj
c:\users\alanv\source\repos\eda - tp3\eda - tp3\debug\imgui_demo.obj
c:\users\alanv\source\repos\eda - tp3\eda - tp3\debug\imgui.obj
c:\users\alanv\source\repos\eda - tp3\eda - tp3\debug\gui_implem.obj
c:\users\alanv\source\repos\eda - tp3\eda - tp3\debug\gui.obj
c:\users\alanv\source\repos\eda - tp3\debug\eda - tp3.exe
c:\users\alanv\source\repos\eda - tp3\debug\eda - tp3.ilk
c:\users\alanv\source\repos\eda - tp3\debug\eda - tp3.pdb
c:\users\alanv\source\repos\eda - tp3\eda - tp3\debug\blob.obj.enc
c:\users\alanv\source\repos\eda - tp3\eda - tp3\debug\graphicclass.obj.enc
c:\users\alanv\source\repos\eda - tp3\eda - tp3\debug\gui_implem.obj.enc
c:\users\alanv\source\repos\eda - tp3\eda - tp3\debug\main.obj.enc
c:\users\alanv\source\repos\eda - tp3\eda - tp3\debug\simulation.obj.enc
c:\users\alanv\source\repos\eda - tp3\eda - tp3\debug\eda - tp3.tlog\cl.command.1.tlog
c:\users\alanv\source\repos\eda - tp3\eda - tp3\debug\eda - tp3.tlog\cl.read.1.tlog
c:\users\alanv\source\repos\eda - tp3\eda - tp3\debug\eda - tp3.tlog\cl.write.1.tlog
c:\users\alanv\source\repos\eda - tp3\eda - tp3\debug\eda - tp3.tlog\link.command.1.tlog
c:\users\alanv\source\repos\eda - tp3\eda - tp3\debug\eda - tp3.tlog\link.read.1.tlog
c:\users\alanv\source\repos\eda - tp3\eda - tp3\debug\eda - tp3.tlog\link.write.1.tlog
